# JRE version: OpenJDK Runtime Environment Temurin-21.0.9+10 (21.0.9+10) (build 21.0.9+10-LTS)
# Java VM: OpenJDK 64-Bit Server VM Temurin-21.0.9+10 (21.0.9+10-LTS, mixed mode, sharing, tiered, compressed oops, compressed class ptrs, parallel gc, windows-amd64)
GC Precious Log:
 CardTable entry size: 512
 CPUs: 4 total, 4 available
 Memory: 8108M
 Large Page Support: Disabled
 NUMA Support: Disabled
 Compressed Oops: Enabled (32-bit)
 Alignments: Space 512K, Generation 512K, Heap 2M
 Heap Min Capacity: 100M
 Heap Initial Capacity: 100M
 Heap Max Capacity: 2G
 Pre-touch: Disabled
 Parallel Workers: 4
Heap:
 PSYoungGen      total 7168K, used 5788K [0x00000000d5580000, 0x00000000d6000000, 0x0000000100000000)
  eden space 3584K, 66% used [0x00000000d5580000,0x00000000d57d2688,0x00000000d5900000)
  from space 3584K, 95% used [0x00000000d5900000,0x00000000d5c54b00,0x00000000d5c80000)
  to   space 3584K, 0% used [0x00000000d5c80000,0x00000000d5c80000,0x00000000d6000000)
 ParOldGen       total 1144320K, used 1076437K [0x0000000080000000, 0x00000000c5d80000, 0x00000000d5580000)
  object space 1144320K, 94% used [0x0000000080000000,0x00000000c1b355a8,0x00000000c5d80000)
 Metaspace       used 87864K, committed 89408K, reserved 1179648K
  class space    used 8670K, committed 9408K, reserved 1048576K
GC Heap History (20 events):
Event: 4312.776 GC heap before
{Heap before GC invocations=4606 (full 6):
 PSYoungGen      total 5632K, used 5376K [0x00000000d5580000, 0x00000000d5d80000, 0x0000000100000000)
  eden space 5120K, 100% used [0x00000000d5580000,0x00000000d5a80000,0x00000000d5a80000)
  from space 512K, 50% used [0x00000000d5b80000,0x00000000d5bc0000,0x00000000d5c00000)
  to   space 1024K, 0% used [0x00000000d5c80000,0x00000000d5c80000,0x00000000d5d80000)
 ParOldGen       total 1144320K, used 1067368K [0x0000000080000000, 0x00000000c5d80000, 0x00000000d5580000)
  object space 1144320K, 93% used [0x0000000080000000,0x00000000c125a318,0x00000000c5d80000)
 Metaspace       used 87852K, committed 89344K, reserved 1179648K
  class space    used 8670K, committed 9408K, reserved 1048576K
}
Event: 4312.789 GC heap after
{Heap after GC invocations=4606 (full 6):
 PSYoungGen      total 4608K, used 993K [0x00000000d5580000, 0x00000000d6180000, 0x0000000100000000)
  eden space 3584K, 0% used [0x00000000d5580000,0x00000000d5580000,0x00000000d5900000)
  from space 1024K, 97% used [0x00000000d5c80000,0x00000000d5d785d8,0x00000000d5d80000)
  to   space 3584K, 0% used [0x00000000d5900000,0x00000000d5900000,0x00000000d5c80000)
 ParOldGen       total 1144320K, used 1069239K [0x0000000080000000, 0x00000000c5d80000, 0x00000000d5580000)
  object space 1144320K, 93% used [0x0000000080000000,0x00000000c142dcf0,0x00000000c5d80000)
 Metaspace       used 87852K, committed 89344K, reserved 1179648K
  class space    used 8670K, committed 9408K, reserved 1048576K
}
Event: 4312.819 GC heap before
{Heap before GC invocations=4607 (full 6):
 PSYoungGen      total 4608K, used 4577K [0x00000000d5580000, 0x00000000d6180000, 0x0000000100000000)
  eden space 3584K, 100% used [0x00000000d5580000,0x00000000d5900000,0x00000000d5900000)
  from space 1024K, 97% used [0x00000000d5c80000,0x00000000d5d785d8,0x00000000d5d80000)
  to   space 3584K, 0% used [0x00000000d5900000,0x00000000d5900000,0x00000000d5c80000)
 ParOldGen       total 1144320K, used 1069239K [0x0000000080000000, 0x00000000c5d80000, 0x00000000d5580000)
  object space 1144320K, 93% used [0x0000000080000000,0x00000000c142dcf0,0x00000000c5d80000)
 Metaspace       used 87852K, committed 89344K, reserved 1179648K
  class space    used 8670K, committed 9408K, reserved 1048576K
}
Event: 4312.824 GC heap after
{Heap after GC invocations=4607 (full 6):
 PSYoungGen      total 4608K, used 688K [0x00000000d5580000, 0x00000000d5d00000, 0x0000000100000000)
  eden space 3584K, 0% used [0x00000000d5580000,0x00000000d5580000,0x00000000d5900000)
  from space 1024K, 67% used [0x00000000d5900000,0x00000000d59ac010,0x00000000d5a00000)
  to   space 1536K, 0% used [0x00000000d5b80000,0x00000000d5b80000,0x00000000d5d00000)
 ParOldGen       total 1144320K, used 1069612K [0x0000000080000000, 0x00000000c5d80000, 0x00000000d5580000)
  object space 1144320K, 93% used [0x0000000080000000,0x00000000c148b170,0x00000000c5d80000)
 Metaspace       used 87852K, committed 89344K, reserved 1179648K
  class space    used 8670K, committed 9408K, reserved 1048576K
}
Event: 4313.155 GC heap before
{Heap before GC invocations=4608 (full 6):
 PSYoungGen      total 4608K, used 4272K [0x00000000d5580000, 0x00000000d5d00000, 0x0000000100000000)
  eden space 3584K, 99% used [0x00000000d5580000,0x00000000d58ffff8,0x00000000d5900000)
  from space 1024K, 67% used [0x00000000d5900000,0x00000000d59ac010,0x00000000d5a00000)
  to   space 1536K, 0% used [0x00000000d5b80000,0x00000000d5b80000,0x00000000d5d00000)
 ParOldGen       total 1144320K, used 1069612K [0x0000000080000000, 0x00000000c5d80000, 0x00000000d5580000)
  object space 1144320K, 93% used [0x0000000080000000,0x00000000c148b170,0x00000000c5d80000)
 Metaspace       used 87852K, committed 89344K, reserved 1179648K
  class space    used 8670K, committed 9408K, reserved 1048576K
}
Event: 4313.158 GC heap after
{Heap after GC invocations=4608 (full 6):
 PSYoungGen      total 4096K, used 256K [0x00000000d5580000, 0x00000000d5c00000, 0x0000000100000000)
  eden space 3584K, 0% used [0x00000000d5580000,0x00000000d5580000,0x00000000d5900000)
  from space 512K, 50% used [0x00000000d5b80000,0x00000000d5bc0000,0x00000000d5c00000)
  to   space 1024K, 0% used [0x00000000d5a00000,0x00000000d5a00000,0x00000000d5b00000)
 ParOldGen       total 1144320K, used 1069836K [0x0000000080000000, 0x00000000c5d80000, 0x00000000d5580000)
  object space 1144320K, 93% used [0x0000000080000000,0x00000000c14c3170,0x00000000c5d80000)
 Metaspace       used 87852K, committed 89344K, reserved 1179648K
  class space    used 8670K, committed 9408K, reserved 1048576K
}
Event: 4313.609 GC heap before
{Heap before GC invocations=4609 (full 6):
 PSYoungGen      total 4096K, used 3839K [0x00000000d5580000, 0x00000000d5c00000, 0x0000000100000000)
  eden space 3584K, 99% used [0x00000000d5580000,0x00000000d58ffff8,0x00000000d5900000)
  from space 512K, 50% used [0x00000000d5b80000,0x00000000d5bc0000,0x00000000d5c00000)
  to   space 1024K, 0% used [0x00000000d5a00000,0x00000000d5a00000,0x00000000d5b00000)
 ParOldGen       total 1144320K, used 1069836K [0x0000000080000000, 0x00000000c5d80000, 0x00000000d5580000)
  object space 1144320K, 93% used [0x0000000080000000,0x00000000c14c3170,0x00000000c5d80000)
 Metaspace       used 87852K, committed 89344K, reserved 1179648K
  class space    used 8670K, committed 9408K, reserved 1048576K
}
Event: 4313.619 GC heap after
{Heap after GC invocations=4609 (full 6):
 PSYoungGen      total 4608K, used 688K [0x00000000d5580000, 0x00000000d5c00000, 0x0000000100000000)
  eden space 3584K, 0% used [0x00000000d5580000,0x00000000d5580000,0x00000000d5900000)
  from space 1024K, 67% used [0x00000000d5a00000,0x00000000d5aac010,0x00000000d5b00000)
  to   space 1024K, 0% used [0x00000000d5b00000,0x00000000d5b00000,0x00000000d5c00000)
 ParOldGen       total 1144320K, used 1069874K [0x0000000080000000, 0x00000000c5d80000, 0x00000000d5580000)
  object space 1144320K, 93% used [0x0000000080000000,0x00000000c14ccbb0,0x00000000c5d80000)
 Metaspace       used 87852K, committed 89344K, reserved 1179648K
  class space    used 8670K, committed 9408K, reserved 1048576K
}
Event: 4313.913 GC heap before
{Heap before GC invocations=4610 (full 6):
 PSYoungGen      total 4608K, used 4272K [0x00000000d5580000, 0x00000000d5c00000, 0x0000000100000000)
  eden space 3584K, 100% used [0x00000000d5580000,0x00000000d5900000,0x00000000d5900000)
  from space 1024K, 67% used [0x00000000d5a00000,0x00000000d5aac010,0x00000000d5b00000)
  to   space 1024K, 0% used [0x00000000d5b00000,0x00000000d5b00000,0x00000000d5c00000)
 ParOldGen       total 1144320K, used 1069874K [0x0000000080000000, 0x00000000c5d80000, 0x00000000d5580000)
  object space 1144320K, 93% used [0x0000000080000000,0x00000000c14ccbb0,0x00000000c5d80000)
 Metaspace       used 87852K, committed 89344K, reserved 1179648K
  class space    used 8670K, committed 9408K, reserved 1048576K
}
Event: 4313.918 GC heap after
{Heap after GC invocations=4610 (full 6):
 PSYoungGen      total 4096K, used 128K [0x00000000d5580000, 0x00000000d5b80000, 0x0000000100000000)
  eden space 3584K, 0% used [0x00000000d5580000,0x00000000d5580000,0x00000000d5900000)
  from space 512K, 25% used [0x00000000d5b00000,0x00000000d5b20000,0x00000000d5b80000)
  to   space 512K, 0% used [0x00000000d5a80000,0x00000000d5a80000,0x00000000d5b00000)
 ParOldGen       total 1144320K, used 1070378K [0x0000000080000000, 0x00000000c5d80000, 0x00000000d5580000)
  object space 1144320K, 93% used [0x0000000080000000,0x00000000c154abc0,0x00000000c5d80000)
 Metaspace       used 87852K, committed 89344K, reserved 1179648K
  class space    used 8670K, committed 9408K, reserved 1048576K
}
Event: 4316.610 GC heap before
{Heap before GC invocations=4611 (full 6):
 PSYoungGen      total 4096K, used 3712K [0x00000000d5580000, 0x00000000d5b80000, 0x0000000100000000)
  eden space 3584K, 100% used [0x00000000d5580000,0x00000000d5900000,0x00000000d5900000)
  from space 512K, 25% used [0x00000000d5b00000,0x00000000d5b20000,0x00000000d5b80000)
  to   space 512K, 0% used [0x00000000d5a80000,0x00000000d5a80000,0x00000000d5b00000)
 ParOldGen       total 1144320K, used 1070378K [0x0000000080000000, 0x00000000c5d80000, 0x00000000d5580000)
  object space 1144320K, 93% used [0x0000000080000000,0x00000000c154abc0,0x00000000c5d80000)
 Metaspace       used 87860K, committed 89408K, reserved 1179648K
  class space    used 8670K, committed 9408K, reserved 1048576K
}
Event: 4316.615 GC heap after
{Heap after GC invocations=4611 (full 6):
 PSYoungGen      total 4096K, used 160K [0x00000000d5580000, 0x00000000d5b80000, 0x0000000100000000)
  eden space 3584K, 0% used [0x00000000d5580000,0x00000000d5580000,0x00000000d5900000)
  from space 512K, 31% used [0x00000000d5a80000,0x00000000d5aa8000,0x00000000d5b00000)
  to   space 512K, 0% used [0x00000000d5b00000,0x00000000d5b00000,0x00000000d5b80000)
 ParOldGen       total 1144320K, used 1070402K [0x0000000080000000, 0x00000000c5d80000, 0x00000000d5580000)
  object space 1144320K, 93% used [0x0000000080000000,0x00000000c1550bc0,0x00000000c5d80000)
 Metaspace       used 87860K, committed 89408K, reserved 1179648K
  class space    used 8670K, committed 9408K, reserved 1048576K
}
Event: 4317.854 GC heap before
{Heap before GC invocations=4612 (full 6):
 PSYoungGen      total 4096K, used 3744K [0x00000000d5580000, 0x00000000d5b80000, 0x0000000100000000)
  eden space 3584K, 100% used [0x00000000d5580000,0x00000000d5900000,0x00000000d5900000)
  from space 512K, 31% used [0x00000000d5a80000,0x00000000d5aa8000,0x00000000d5b00000)
  to   space 512K, 0% used [0x00000000d5b00000,0x00000000d5b00000,0x00000000d5b80000)
 ParOldGen       total 1144320K, used 1070402K [0x0000000080000000, 0x00000000c5d80000, 0x00000000d5580000)
  object space 1144320K, 93% used [0x0000000080000000,0x00000000c1550bc0,0x00000000c5d80000)
 Metaspace       used 87860K, committed 89408K, reserved 1179648K
  class space    used 8670K, committed 9408K, reserved 1048576K
}
Event: 4317.859 GC heap after
{Heap after GC invocations=4612 (full 6):
 PSYoungGen      total 4096K, used 128K [0x00000000d5580000, 0x00000000d5b80000, 0x0000000100000000)
  eden space 3584K, 0% used [0x00000000d5580000,0x00000000d5580000,0x00000000d5900000)
  from space 512K, 25% used [0x00000000d5b00000,0x00000000d5b20000,0x00000000d5b80000)
  to   space 512K, 0% used [0x00000000d5a80000,0x00000000d5a80000,0x00000000d5b00000)
 ParOldGen       total 1144320K, used 1070442K [0x0000000080000000, 0x00000000c5d80000, 0x00000000d5580000)
  object space 1144320K, 93% used [0x0000000080000000,0x00000000c155abc0,0x00000000c5d80000)
 Metaspace       used 87860K, committed 89408K, reserved 1179648K
  class space    used 8670K, committed 9408K, reserved 1048576K
}
Event: 4325.567 GC heap before
{Heap before GC invocations=4613 (full 6):
 PSYoungGen      total 4096K, used 3712K [0x00000000d5580000, 0x00000000d5b80000, 0x0000000100000000)
  eden space 3584K, 100% used [0x00000000d5580000,0x00000000d5900000,0x00000000d5900000)
  from space 512K, 25% used [0x00000000d5b00000,0x00000000d5b20000,0x00000000d5b80000)
  to   space 512K, 0% used [0x00000000d5a80000,0x00000000d5a80000,0x00000000d5b00000)
 ParOldGen       total 1144320K, used 1070442K [0x0000000080000000, 0x00000000c5d80000, 0x00000000d5580000)
  object space 1144320K, 93% used [0x0000000080000000,0x00000000c155abc0,0x00000000c5d80000)
 Metaspace       used 87860K, committed 89408K, reserved 1179648K
  class space    used 8670K, committed 9408K, reserved 1048576K
}
Event: 4325.578 GC heap after
{Heap after GC invocations=4613 (full 6):
 PSYoungGen      total 4096K, used 488K [0x00000000d5580000, 0x00000000d6000000, 0x0000000100000000)
  eden space 3584K, 0% used [0x00000000d5580000,0x00000000d5580000,0x00000000d5900000)
  from space 512K, 95% used [0x00000000d5a80000,0x00000000d5afa348,0x00000000d5b00000)
  to   space 3584K, 0% used [0x00000000d5c80000,0x00000000d5c80000,0x00000000d6000000)
 ParOldGen       total 1144320K, used 1072739K [0x0000000080000000, 0x00000000c5d80000, 0x00000000d5580000)
  object space 1144320K, 93% used [0x0000000080000000,0x00000000c1798f08,0x00000000c5d80000)
 Metaspace       used 87860K, committed 89408K, reserved 1179648K
  class space    used 8670K, committed 9408K, reserved 1048576K
}
Event: 4325.595 GC heap before
{Heap before GC invocations=4614 (full 6):
 PSYoungGen      total 4096K, used 4011K [0x00000000d5580000, 0x00000000d6000000, 0x0000000100000000)
  eden space 3584K, 98% used [0x00000000d5580000,0x00000000d58f0c38,0x00000000d5900000)
  from space 512K, 95% used [0x00000000d5a80000,0x00000000d5afa348,0x00000000d5b00000)
  to   space 3584K, 0% used [0x00000000d5c80000,0x00000000d5c80000,0x00000000d6000000)
 ParOldGen       total 1144320K, used 1072739K [0x0000000080000000, 0x00000000c5d80000, 0x00000000d5580000)
  object space 1144320K, 93% used [0x0000000080000000,0x00000000c1798f08,0x00000000c5d80000)
 Metaspace       used 87860K, committed 89408K, reserved 1179648K
  class space    used 8670K, committed 9408K, reserved 1048576K
}
Event: 4325.603 GC heap after
{Heap after GC invocations=4614 (full 6):
 PSYoungGen      total 7168K, used 3280K [0x00000000d5580000, 0x00000000d6000000, 0x0000000100000000)
  eden space 3584K, 0% used [0x00000000d5580000,0x00000000d5580000,0x00000000d5900000)
  from space 3584K, 91% used [0x00000000d5c80000,0x00000000d5fb4000,0x00000000d6000000)
  to   space 3584K, 0% used [0x00000000d5900000,0x00000000d5900000,0x00000000d5c80000)
 ParOldGen       total 1144320K, used 1073477K [0x0000000080000000, 0x00000000c5d80000, 0x00000000d5580000)
  object space 1144320K, 93% used [0x0000000080000000,0x00000000c18515a8,0x00000000c5d80000)
 Metaspace       used 87860K, committed 89408K, reserved 1179648K
  class space    used 8670K, committed 9408K, reserved 1048576K
}
Event: 4326.224 GC heap before
{Heap before GC invocations=4615 (full 6):
 PSYoungGen      total 7168K, used 6864K [0x00000000d5580000, 0x00000000d6000000, 0x0000000100000000)
  eden space 3584K, 100% used [0x00000000d5580000,0x00000000d5900000,0x00000000d5900000)
  from space 3584K, 91% used [0x00000000d5c80000,0x00000000d5fb4000,0x00000000d6000000)
  to   space 3584K, 0% used [0x00000000d5900000,0x00000000d5900000,0x00000000d5c80000)
 ParOldGen       total 1144320K, used 1073477K [0x0000000080000000, 0x00000000c5d80000, 0x00000000d5580000)
  object space 1144320K, 93% used [0x0000000080000000,0x00000000c18515a8,0x00000000c5d80000)
 Metaspace       used 87864K, committed 89408K, reserved 1179648K
  class space    used 8670K, committed 9408K, reserved 1048576K
}
Event: 4326.243 GC heap after
{Heap after GC invocations=4615 (full 6):
 PSYoungGen      total 7168K, used 3410K [0x00000000d5580000, 0x00000000d6000000, 0x0000000100000000)
  eden space 3584K, 0% used [0x00000000d5580000,0x00000000d5580000,0x00000000d5900000)
  from space 3584K, 95% used [0x00000000d5900000,0x00000000d5c54b00,0x00000000d5c80000)
  to   space 3584K, 0% used [0x00000000d5c80000,0x00000000d5c80000,0x00000000d6000000)
 ParOldGen       total 1144320K, used 1076437K [0x0000000080000000, 0x00000000c5d80000, 0x00000000d5580000)
  object space 1144320K, 94% used [0x0000000080000000,0x00000000c1b355a8,0x00000000c5d80000)
 Metaspace       used 87864K, committed 89408K, reserved 1179648K
  class space    used 8670K, committed 9408K, reserved 1048576K
}

